#
# There is insufficient memory for the Java Runtime Environment to continue.
# Native memory allocation (mmap) failed to map 65536 bytes for Failed to commit metaspace.
# Possible reasons:
#   The system is out of physical RAM or swap space
#   The process is running with CompressedOops enabled, and the Java Heap may be blocking the growth of the native heap
# Possible solutions:
#   Reduce memory load on the system
#   Increase physical memory or swap space
#   Check if swap backing store is full
#   Decrease Java heap size (-Xmx/-Xms)
#   Decrease number of Java threads
#   Decrease Java thread stack sizes (-Xss)
#   Set larger code cache with -XX:ReservedCodeCacheSize=
#   JVM is running with Unscaled Compressed Oops mode in which the Java heap is
#     placed in the first 4GB address space. The Java Heap base address is the
#     maximum limit for the native heap growth. Please use -XX:HeapBaseMinAddress
#     to set the Java Heap base and to place the Java Heap above 4GB virtual address.
# This output file may be truncated or incomplete.
#
#  Out of Memory Error (virtualSpaceNode.cpp:110), pid=8980, tid=6880
#
# JRE version: OpenJDK Runtime Environment Microsoft-8552009 (17.0.9+8) (build 17.0.9+8-LTS)
# Java VM: OpenJDK 64-Bit Server VM Microsoft-8552009 (17.0.9+8-LTS, mixed mode, emulated-client, sharing, tiered, compressed oops, compressed class ptrs, g1 gc, windows-amd64)
# No core dump will be written. Minidumps are not enabled by default on client versions of Windows
#

---------------  S U M M A R Y ------------

Command Line: -XX:TieredStopAtLevel=1 -Dspring.output.ansi.enabled=always -Dcom.sun.management.jmxremote -Dspring.jmx.enabled=true -Dspring.liveBeansView.mbeanDomain -Dspring.application.admin.enabled=true -Dmanagement.endpoints.jmx.exposure.include=* -javaagent:C:\Program Files\JetBrains\IntelliJ IDEA 2023.2.4\lib\idea_rt.jar=62818:C:\Program Files\JetBrains\IntelliJ IDEA 2023.2.4\bin -Dfile.encoding=UTF-8 clima.climaapi.ClimaapiApplication

Host: Intel(R) Celeron(R) N4000 CPU @ 1.10GHz, 2 cores, 3G,  Windows 10 , 64 bit Build 19041 (10.0.19041.3636)
Time: Thu Feb  8 11:43:51 2024 Hora est. Pacífico, Sudamérica elapsed time: 15.865859 seconds (0d 0h 0m 15s)

---------------  T H R E A D  ---------------

Current thread (0x000001e91a0fbae0):  JavaThread "main" [_thread_in_vm, id=6880, stack(0x0000002549400000,0x0000002549500000)]

Stack: [0x0000002549400000,0x0000002549500000]
Native frames: (J=compiled Java code, j=interpreted, Vv=VM code, C=native code)
V  [jvm.dll+0x67f089]
V  [jvm.dll+0x836eca]
V  [jvm.dll+0x83898e]
V  [jvm.dll+0x838ff3]
V  [jvm.dll+0x247fff]
V  [jvm.dll+0x832b8b]
V  [jvm.dll+0x6238c6]
V  [jvm.dll+0x1c212e]
V  [jvm.dll+0x626221]
V  [jvm.dll+0x624266]
V  [jvm.dll+0x635169]
V  [jvm.dll+0x62e424]
V  [jvm.dll+0x3857d1]
C  0x000001e921c1c191

The last pc belongs to method entry point (kind = zerolocals) (printed below).
Java frames: (J=compiled Java code, j=interpreted, Vv=VM code)
j  org.springframework.boot.SpringApplicationShutdownHook.registerApplicationContext(Lorg/springframework/context/ConfigurableApplicationContext;)V+0
j  org.springframework.boot.SpringApplication.refreshContext(Lorg/springframework/context/ConfigurableApplicationContext;)V+11
j  org.springframework.boot.SpringApplication.run([Ljava/lang/String;)Lorg/springframework/context/ConfigurableApplicationContext;+110
j  org.springframework.boot.SpringApplication.run([Ljava/lang/Class;[Ljava/lang/String;)Lorg/springframework/context/ConfigurableApplicationContext;+9
j  org.springframework.boot.SpringApplication.run(Ljava/lang/Class;[Ljava/lang/String;)Lorg/springframework/context/ConfigurableApplicationContext;+9
j  clima.climaapi.ClimaapiApplication.main([Ljava/lang/String;)V+3
v  ~StubRoutines::call_stub
method entry point (kind = zerolocals)  [0x000001e921c1c080, 0x000001e921c1c340]  704 bytes
[MachCode]
  0x000001e921c1c080: 488b 5308 | 0fb7 4a2c | 0fb7 522a | 2bd1 81fa | f501 0000 | 0f86 2500 | 0000 488b | c248 c1e0 
  0x000001e921c1c0a0: 0348 83c0 | 5849 0387 | c003 0000 | 483b e00f | 870a 0000 | 0058 498b | e550 e9c1 | c7ff ff58 
  0x000001e921c1c0c0: 4c8d 74cc | f885 d20f | 8e09 0000 | 0068 0000 | 0000 ffca | 7ff7 5055 | 488b ec41 | 5568 0000 
  0x000001e921c1c0e0: 0000 4c8b | 6b08 4d8d | 6d30 5348 | 8b53 0848 | 8b52 0848 | 8b52 1848 | 8b52 7048 | 8b12 5268 
  0x000001e921c1c100: 0000 0000 | 488b 5308 | 488b 5208 | 488b 5210 | 5241 5641 | 5568 0000 | 0000 4889 | 2424 41c6 
  0x000001e921c1c120: 8779 0300 | 0001 488b | 4318 4885 | c00f 85ac | 0000 00e8 | 0500 0000 | e995 0000 | 0048 8bd3 
  0x000001e921c1c140: 488d 4424 | 084c 896d | c049 8bcf | 4989 afa8 | 0200 0049 | 8987 9802 | 0000 4883 | ec20 f7c4 
  0x000001e921c1c160: 0f00 0000 | 0f84 1a00 | 0000 4883 | ec08 49ba | b057 6e2f | fc7f 0000 | 41ff d248 | 83c4 08e9 
  0x000001e921c1c180: 0d00 0000 | 49ba b057 | 6e2f fc7f | 0000 41ff | d248 83c4 | 2049 c787 | 9802 0000 | 0000 0000 
  0x000001e921c1c1a0: 49c7 87a8 | 0200 0000 | 0000 0049 | c787 a002 | 0000 0000 | 0000 4981 | 7f08 0000 | 0000 0f84 
  0x000001e921c1c1c0: 0500 0000 | e937 4dff | ff4c 8b6d | c04c 8b75 | c8c3 488b | 4318 4885 | c00f 8412 | 0000 008b 
  0x000001e921c1c1e0: 4808 83c1 | 0289 4808 | 2348 200f | 84a2 0000 | 0089 8424 | 00f0 ffff | 8984 2400 | e0ff ff89 
  0x000001e921c1c200: 8424 00d0 | ffff 8984 | 2400 c0ff | ff89 8424 | 00b0 ffff | 8984 2400 | a0ff ff89 | 8424 0090 
  0x000001e921c1c220: ffff 41c6 | 8779 0300 | 0000 49ba | ee55 ee2f | fc7f 0000 | 4180 3a00 | 0f84 4200 | 0000 488b 
  0x000001e921c1c240: 55e8 498b | cf48 83ec | 20f7 c40f | 0000 000f | 841a 0000 | 0048 83ec | 0849 bad0 | 52a4 2ffc 
  0x000001e921c1c260: 7f00 0041 | ffd2 4883 | c408 e90d | 0000 0049 | bad0 52a4 | 2ffc 7f00 | 0041 ffd2 | 4883 c420 
  0x000001e921c1c280: 410f b65d | 0049 ba50 | c3f0 2ffc | 7f00 0041 | ff24 daba | 0000 0000 | e805 0000 | 00e9 9200 
  0x000001e921c1c2a0: 0000 488d | 4424 084c | 896d c049 | 8bcf 4989 | afa8 0200 | 0049 8987 | 9802 0000 | 4883 ec20 
  0x000001e921c1c2c0: f7c4 0f00 | 0000 0f84 | 1a00 0000 | 4883 ec08 | 49ba a062 | 6e2f fc7f | 0000 41ff | d248 83c4 
  0x000001e921c1c2e0: 08e9 0d00 | 0000 49ba | a062 6e2f | fc7f 0000 | 41ff d248 | 83c4 2049 | c787 9802 | 0000 0000 
  0x000001e921c1c300: 0000 49c7 | 87a8 0200 | 0000 0000 | 0049 c787 | a002 0000 | 0000 0000 | 4981 7f08 | 0000 0000 
  0x000001e921c1c320: 0f84 0500 | 0000 e9d5 | 4bff ff4c | 8b6d c04c | 8b75 c8c3 | 488b 5de8 | e9b4 feff | ff66 6690 
[/MachCode]

---------------  P R O C E S S  ---------------

Threads class SMR info:
_java_thread_list=0x000001e96edf7660, length=14, elements={
0x000001e91a0fbae0, 0x000001e91a1a7a70, 0x000001e91a1a88f0, 0x000001e928ed9700,
0x000001e928eda580, 0x000001e928edf0d0, 0x000001e928edfa90, 0x000001e928ee0500,
0x000001e928f085c0, 0x000001e96e1382e0, 0x000001e96e4c3580, 0x000001e96e4b9810,
0x000001e96e952fe0, 0x000001e96edd6570
}

Java Threads: ( => current thread )
=>0x000001e91a0fbae0 JavaThread "main" [_thread_in_vm, id=6880, stack(0x0000002549400000,0x0000002549500000)]
  0x000001e91a1a7a70 JavaThread "Reference Handler" daemon [_thread_blocked, id=10548, stack(0x0000002549b00000,0x0000002549c00000)]
  0x000001e91a1a88f0 JavaThread "Finalizer" daemon [_thread_blocked, id=9768, stack(0x0000002549c00000,0x0000002549d00000)]
  0x000001e928ed9700 JavaThread "Signal Dispatcher" daemon [_thread_blocked, id=11252, stack(0x0000002549d00000,0x0000002549e00000)]
  0x000001e928eda580 JavaThread "Attach Listener" daemon [_thread_blocked, id=2728, stack(0x0000002549e00000,0x0000002549f00000)]
  0x000001e928edf0d0 JavaThread "Service Thread" daemon [_thread_blocked, id=9736, stack(0x0000002549f00000,0x000000254a000000)]
  0x000001e928edfa90 JavaThread "Monitor Deflation Thread" daemon [_thread_blocked, id=816, stack(0x000000254a000000,0x000000254a100000)]
  0x000001e928ee0500 JavaThread "C1 CompilerThread0" daemon [_thread_blocked, id=1416, stack(0x000000254a100000,0x000000254a200000)]
  0x000001e928f085c0 JavaThread "Sweeper thread" daemon [_thread_blocked, id=13116, stack(0x000000254a200000,0x000000254a300000)]
  0x000001e96e1382e0 JavaThread "Common-Cleaner" daemon [_thread_blocked, id=1340, stack(0x000000254a300000,0x000000254a400000)]
  0x000001e96e4c3580 JavaThread "Monitor Ctrl-Break" daemon [_thread_in_native, id=1728, stack(0x000000254a500000,0x000000254a600000)]
  0x000001e96e4b9810 JavaThread "Notification Thread" daemon [_thread_blocked, id=12192, stack(0x000000254a600000,0x000000254a700000)]
  0x000001e96e952fe0 JavaThread "RMI TCP Accept-0" daemon [_thread_in_native, id=5224, stack(0x000000254a700000,0x000000254a800000)]
  0x000001e96edd6570 JavaThread "background-preinit" [_thread_in_vm, id=14000, stack(0x000000254a900000,0x000000254aa00000)]

Other Threads:
  0x000001e91a1a3e10 VMThread "VM Thread" [stack: 0x0000002549a00000,0x0000002549b00000] [id=11588]
  0x000001e91a0fcaa0 WatcherThread [stack: 0x000000254a800000,0x000000254a900000] [id=32]
  0x000001e91a135c20 GCTaskThread "GC Thread#0" [stack: 0x0000002549500000,0x0000002549600000] [id=7564]
  0x000001e96e4b7a30 GCTaskThread "GC Thread#1" [stack: 0x000000254a400000,0x000000254a500000] [id=10276]
  0x000001e91a13e5f0 ConcurrentGCThread "G1 Main Marker" [stack: 0x0000002549600000,0x0000002549700000] [id=2084]
  0x000001e91a13f7b0 ConcurrentGCThread "G1 Conc#0" [stack: 0x0000002549700000,0x0000002549800000] [id=9788]
  0x000001e91a182cc0 ConcurrentGCThread "G1 Refine#0" [stack: 0x0000002549800000,0x0000002549900000] [id=11292]
  0x000001e91a185710 ConcurrentGCThread "G1 Service" [stack: 0x0000002549900000,0x0000002549a00000] [id=372]

Threads with active compile tasks:

VM state: not at safepoint (normal execution)

VM Mutex/Monitor currently owned by a thread:  ([mutex/lock_event])
[0x000001e91a0e7f90] Metaspace_lock - owner thread: 0x000001e91a0fbae0

Heap address: 0x00000000c2c00000, size: 980 MB, Compressed Oops mode: 32-bit

CDS archive(s) mapped at: [0x000001e929000000-0x000001e929ba0000-0x000001e929ba0000), size 12189696, SharedBaseAddress: 0x000001e929000000, ArchiveRelocationMode: 1.
Compressed class space mapped at: 0x000001e92a000000-0x000001e96a000000, reserved size: 1073741824
Narrow klass base: 0x000001e929000000, Narrow klass shift: 0, Narrow klass range: 0x100000000

GC Precious Log:
 CPUs: 2 total, 2 available
 Memory: 3918M
 Large Page Support: Disabled
 NUMA Support: Disabled
 Compressed Oops: Enabled (32-bit)
 Heap Region Size: 1M
 Heap Min Capacity: 8M
 Heap Initial Capacity: 62M
 Heap Max Capacity: 980M
 Pre-touch: Disabled
 Parallel Workers: 2
 Concurrent Workers: 1
 Concurrent Refinement Workers: 2
 Periodic GC: Disabled

Heap:
 garbage-first heap   total 63488K, used 30511K [0x00000000c2c00000, 0x0000000100000000)
  region size 1024K, 25 young (25600K), 2 survivors (2048K)
 Metaspace       used 13697K, committed 13888K, reserved 1114112K
  class space    used 1799K, committed 1920K, reserved 1048576K

Heap Regions: E=young(eden), S=young(survivor), O=old, HS=humongous(starts), HC=humongous(continues), CS=collection set, F=free, OA=open archive, CA=closed archive, TAMS=top-at-mark-start (previous, next)
|   0|0x00000000c2c00000, 0x00000000c2d00000, 0x00000000c2d00000|100%|HS|  |TAMS 0x00000000c2c00000, 0x00000000c2c00000| Complete 
|   1|0x00000000c2d00000, 0x00000000c2e00000, 0x00000000c2e00000|100%| O|  |TAMS 0x00000000c2d00000, 0x00000000c2d00000| Untracked 
|   2|0x00000000c2e00000, 0x00000000c2f00000, 0x00000000c2f00000|100%| O|  |TAMS 0x00000000c2e00000, 0x00000000c2e00000| Untracked 
|   3|0x00000000c2f00000, 0x00000000c3000000, 0x00000000c3000000|100%| O|  |TAMS 0x00000000c2f00000, 0x00000000c2f00000| Untracked 
|   4|0x00000000c3000000, 0x00000000c3100000, 0x00000000c3100000|100%| O|  |TAMS 0x00000000c3000000, 0x00000000c3000000| Untracked 
|   5|0x00000000c3100000, 0x00000000c31e5000, 0x00000000c3200000| 89%| O|  |TAMS 0x00000000c3100000, 0x00000000c3100000| Untracked 
|   6|0x00000000c3200000, 0x00000000c3200000, 0x00000000c3300000|  0%| F|  |TAMS 0x00000000c3200000, 0x00000000c3200000| Untracked 
|   7|0x00000000c3300000, 0x00000000c3300000, 0x00000000c3400000|  0%| F|  |TAMS 0x00000000c3300000, 0x00000000c3300000| Untracked 
|   8|0x00000000c3400000, 0x00000000c3400000, 0x00000000c3500000|  0%| F|  |TAMS 0x00000000c3400000, 0x00000000c3400000| Untracked 
|   9|0x00000000c3500000, 0x00000000c3500000, 0x00000000c3600000|  0%| F|  |TAMS 0x00000000c3500000, 0x00000000c3500000| Untracked 
|  10|0x00000000c3600000, 0x00000000c3600000, 0x00000000c3700000|  0%| F|  |TAMS 0x00000000c3600000, 0x00000000c3600000| Untracked 
|  11|0x00000000c3700000, 0x00000000c3700000, 0x00000000c3800000|  0%| F|  |TAMS 0x00000000c3700000, 0x00000000c3700000| Untracked 
|  12|0x00000000c3800000, 0x00000000c3800000, 0x00000000c3900000|  0%| F|  |TAMS 0x00000000c3800000, 0x00000000c3800000| Untracked 
|  13|0x00000000c3900000, 0x00000000c3900000, 0x00000000c3a00000|  0%| F|  |TAMS 0x00000000c3900000, 0x00000000c3900000| Untracked 
|  14|0x00000000c3a00000, 0x00000000c3a00000, 0x00000000c3b00000|  0%| F|  |TAMS 0x00000000c3a00000, 0x00000000c3a00000| Untracked 
|  15|0x00000000c3b00000, 0x00000000c3b00000, 0x00000000c3c00000|  0%| F|  |TAMS 0x00000000c3b00000, 0x00000000c3b00000| Untracked 
|  16|0x00000000c3c00000, 0x00000000c3c00000, 0x00000000c3d00000|  0%| F|  |TAMS 0x00000000c3c00000, 0x00000000c3c00000| Untracked 
|  17|0x00000000c3d00000, 0x00000000c3d00000, 0x00000000c3e00000|  0%| F|  |TAMS 0x00000000c3d00000, 0x00000000c3d00000| Untracked 
|  18|0x00000000c3e00000, 0x00000000c3e00000, 0x00000000c3f00000|  0%| F|  |TAMS 0x00000000c3e00000, 0x00000000c3e00000| Untracked 
|  19|0x00000000c3f00000, 0x00000000c3f00000, 0x00000000c4000000|  0%| F|  |TAMS 0x00000000c3f00000, 0x00000000c3f00000| Untracked 
|  20|0x00000000c4000000, 0x00000000c4000000, 0x00000000c4100000|  0%| F|  |TAMS 0x00000000c4000000, 0x00000000c4000000| Untracked 
|  21|0x00000000c4100000, 0x00000000c4100000, 0x00000000c4200000|  0%| F|  |TAMS 0x00000000c4100000, 0x00000000c4100000| Untracked 
|  22|0x00000000c4200000, 0x00000000c4200000, 0x00000000c4300000|  0%| F|  |TAMS 0x00000000c4200000, 0x00000000c4200000| Untracked 
|  23|0x00000000c4300000, 0x00000000c4300000, 0x00000000c4400000|  0%| F|  |TAMS 0x00000000c4300000, 0x00000000c4300000| Untracked 
|  24|0x00000000c4400000, 0x00000000c4400000, 0x00000000c4500000|  0%| F|  |TAMS 0x00000000c4400000, 0x00000000c4400000| Untracked 
|  25|0x00000000c4500000, 0x00000000c4500000, 0x00000000c4600000|  0%| F|  |TAMS 0x00000000c4500000, 0x00000000c4500000| Untracked 
|  26|0x00000000c4600000, 0x00000000c4600000, 0x00000000c4700000|  0%| F|  |TAMS 0x00000000c4600000, 0x00000000c4600000| Untracked 
|  27|0x00000000c4700000, 0x00000000c4700000, 0x00000000c4800000|  0%| F|  |TAMS 0x00000000c4700000, 0x00000000c4700000| Untracked 
|  28|0x00000000c4800000, 0x00000000c4800000, 0x00000000c4900000|  0%| F|  |TAMS 0x00000000c4800000, 0x00000000c4800000| Untracked 
|  29|0x00000000c4900000, 0x00000000c4900000, 0x00000000c4a00000|  0%| F|  |TAMS 0x00000000c4900000, 0x00000000c4900000| Untracked 
|  30|0x00000000c4a00000, 0x00000000c4a00000, 0x00000000c4b00000|  0%| F|  |TAMS 0x00000000c4a00000, 0x00000000c4a00000| Untracked 
|  31|0x00000000c4b00000, 0x00000000c4b00000, 0x00000000c4c00000|  0%| F|  |TAMS 0x00000000c4b00000, 0x00000000c4b00000| Untracked 
|  32|0x00000000c4c00000, 0x00000000c4c00000, 0x00000000c4d00000|  0%| F|  |TAMS 0x00000000c4c00000, 0x00000000c4c00000| Untracked 
|  33|0x00000000c4d00000, 0x00000000c4d00000, 0x00000000c4e00000|  0%| F|  |TAMS 0x00000000c4d00000, 0x00000000c4d00000| Untracked 
|  34|0x00000000c4e00000, 0x00000000c4e00000, 0x00000000c4f00000|  0%| F|  |TAMS 0x00000000c4e00000, 0x00000000c4e00000| Untracked 
|  35|0x00000000c4f00000, 0x00000000c4f00000, 0x00000000c5000000|  0%| F|  |TAMS 0x00000000c4f00000, 0x00000000c4f00000| Untracked 
|  36|0x00000000c5000000, 0x00000000c5000000, 0x00000000c5100000|  0%| F|  |TAMS 0x00000000c5000000, 0x00000000c5000000| Untracked 
|  37|0x00000000c5100000, 0x00000000c515c838, 0x00000000c5200000| 36%| E|  |TAMS 0x00000000c5100000, 0x00000000c5100000| Complete 
|  38|0x00000000c5200000, 0x00000000c5300000, 0x00000000c5300000|100%| E|CS|TAMS 0x00000000c5200000, 0x00000000c5200000| Complete 
|  39|0x00000000c5300000, 0x00000000c5400000, 0x00000000c5400000|100%| E|CS|TAMS 0x00000000c5300000, 0x00000000c5300000| Complete 
|  40|0x00000000c5400000, 0x00000000c5500000, 0x00000000c5500000|100%| E|CS|TAMS 0x00000000c5400000, 0x00000000c5400000| Complete 
|  41|0x00000000c5500000, 0x00000000c5600000, 0x00000000c5600000|100%| E|CS|TAMS 0x00000000c5500000, 0x00000000c5500000| Complete 
|  42|0x00000000c5600000, 0x00000000c5700000, 0x00000000c5700000|100%| E|CS|TAMS 0x00000000c5600000, 0x00000000c5600000| Complete 
|  43|0x00000000c5700000, 0x00000000c5800000, 0x00000000c5800000|100%| E|CS|TAMS 0x00000000c5700000, 0x00000000c5700000| Complete 
|  44|0x00000000c5800000, 0x00000000c5900000, 0x00000000c5900000|100%| E|CS|TAMS 0x00000000c5800000, 0x00000000c5800000| Complete 
|  45|0x00000000c5900000, 0x00000000c5a00000, 0x00000000c5a00000|100%| E|CS|TAMS 0x00000000c5900000, 0x00000000c5900000| Complete 
|  46|0x00000000c5a00000, 0x00000000c5b00000, 0x00000000c5b00000|100%| E|CS|TAMS 0x00000000c5a00000, 0x00000000c5a00000| Complete 
|  47|0x00000000c5b00000, 0x00000000c5be6fe0, 0x00000000c5c00000| 90%| S|CS|TAMS 0x00000000c5b00000, 0x00000000c5b00000| Complete 
|  48|0x00000000c5c00000, 0x00000000c5d00000, 0x00000000c5d00000|100%| S|CS|TAMS 0x00000000c5c00000, 0x00000000c5c00000| Complete 
|  49|0x00000000c5d00000, 0x00000000c5e00000, 0x00000000c5e00000|100%| E|CS|TAMS 0x00000000c5d00000, 0x00000000c5d00000| Complete 
|  50|0x00000000c5e00000, 0x00000000c5f00000, 0x00000000c5f00000|100%| E|CS|TAMS 0x00000000c5e00000, 0x00000000c5e00000| Complete 
|  51|0x00000000c5f00000, 0x00000000c6000000, 0x00000000c6000000|100%| E|CS|TAMS 0x00000000c5f00000, 0x00000000c5f00000| Complete 
|  52|0x00000000c6000000, 0x00000000c6100000, 0x00000000c6100000|100%| E|CS|TAMS 0x00000000c6000000, 0x00000000c6000000| Complete 
|  53|0x00000000c6100000, 0x00000000c6200000, 0x00000000c6200000|100%| E|CS|TAMS 0x00000000c6100000, 0x00000000c6100000| Complete 
|  54|0x00000000c6200000, 0x00000000c6300000, 0x00000000c6300000|100%| E|CS|TAMS 0x00000000c6200000, 0x00000000c6200000| Complete 
|  55|0x00000000c6300000, 0x00000000c6400000, 0x00000000c6400000|100%| E|CS|TAMS 0x00000000c6300000, 0x00000000c6300000| Complete 
|  56|0x00000000c6400000, 0x00000000c6500000, 0x00000000c6500000|100%| E|CS|TAMS 0x00000000c6400000, 0x00000000c6400000| Complete 
|  57|0x00000000c6500000, 0x00000000c6600000, 0x00000000c6600000|100%| E|CS|TAMS 0x00000000c6500000, 0x00000000c6500000| Complete 
|  58|0x00000000c6600000, 0x00000000c6700000, 0x00000000c6700000|100%| E|CS|TAMS 0x00000000c6600000, 0x00000000c6600000| Complete 
|  59|0x00000000c6700000, 0x00000000c6800000, 0x00000000c6800000|100%| E|CS|TAMS 0x00000000c6700000, 0x00000000c6700000| Complete 
|  60|0x00000000c6800000, 0x00000000c6900000, 0x00000000c6900000|100%| E|CS|TAMS 0x00000000c6800000, 0x00000000c6800000| Complete 
|  61|0x00000000c6900000, 0x00000000c6a00000, 0x00000000c6a00000|100%| E|CS|TAMS 0x00000000c6900000, 0x00000000c6900000| Complete 

Card table byte_map: [0x000001e919d40000,0x000001e919f30000] _byte_map_base: 0x000001e91972a000

Marking Bits (Prev, Next): (CMBitMap*) 0x000001e91a136240, (CMBitMap*) 0x000001e91a136280
 Prev Bits: [0x000001e924e00000, 0x000001e925d50000)
 Next Bits: [0x000001e925d50000, 0x000001e926ca0000)

Polling page: 0x000001e9198b0000

Metaspace:

Usage:
  Non-class:     11.62 MB used.
      Class:      1.76 MB used.
       Both:     13.38 MB used.

Virtual space:
  Non-class space:       64.00 MB reserved,      11.69 MB ( 18%) committed,  1 nodes.
      Class space:        1.00 GB reserved,       1.88 MB ( <1%) committed,  1 nodes.
             Both:        1.06 GB reserved,      13.56 MB (  1%) committed. 

Chunk freelists:
   Non-Class:  4.23 MB
       Class:  14.16 MB
        Both:  18.39 MB

MaxMetaspaceSize: unlimited
CompressedClassSpaceSize: 1.00 GB
Initial GC threshold: 21.00 MB
Current GC threshold: 21.00 MB
CDS: on
MetaspaceReclaimPolicy: balanced
 - commit_granule_bytes: 65536.
 - commit_granule_words: 8192.
 - virtual_space_node_default_size: 8388608.
 - enlarge_chunks_in_place: 1.
 - new_chunks_are_fully_committed: 0.
 - uncommit_free_chunks: 1.
 - use_allocation_guard: 0.
 - handle_deallocations: 1.


Internal statistics:

num_allocs_failed_limit: 0.
num_arena_births: 214.
num_arena_deaths: 0.
num_vsnodes_births: 2.
num_vsnodes_deaths: 0.
num_space_committed: 217.
num_space_uncommitted: 0.
num_chunks_returned_to_freelist: 0.
num_chunks_taken_from_freelist: 582.
num_chunk_merges: 0.
num_chunk_splits: 399.
num_chunks_enlarged: 303.
num_inconsistent_stats: 0.

CodeCache: size=49152Kb used=3995Kb max_used=3995Kb free=45156Kb
 bounds [0x000001e921c10000, 0x000001e922000000, 0x000001e924c10000]
 total_blobs=2390 nmethods=1902 adapters=416
 compilation: enabled
              stopped_count=0, restarted_count=0
 full_count=0

Compilation events (20 events):
Event: 15.838 Thread 0x000001e928ee0500 1892       1       org.springframework.core.annotation.AnnotationTypeMapping::getDistance (5 bytes)
Event: 15.838 Thread 0x000001e928ee0500 nmethod 1892 0x000001e921ff3a10 code [0x000001e921ff3ba0, 0x000001e921ff3c78]
Event: 15.840 Thread 0x000001e928ee0500 1893       1       org.springframework.core.annotation.PackagesAnnotationFilter::matches (42 bytes)
Event: 15.840 Thread 0x000001e928ee0500 nmethod 1893 0x000001e921ff3d10 code [0x000001e921ff3ec0, 0x000001e921ff4048]
Event: 15.840 Thread 0x000001e928ee0500 1894       1       org.springframework.core.annotation.AnnotationFilter::matches (11 bytes)
Event: 15.841 Thread 0x000001e928ee0500 nmethod 1894 0x000001e921ff4190 code [0x000001e921ff4340, 0x000001e921ff4478]
Event: 15.842 Thread 0x000001e928ee0500 1895       1       java.lang.StringLatin1::toChars (16 bytes)
Event: 15.842 Thread 0x000001e928ee0500 nmethod 1895 0x000001e921ff4590 code [0x000001e921ff4720, 0x000001e921ff48f8]
Event: 15.842 Thread 0x000001e928ee0500 1896       1       java.lang.Character::isJavaIdentifierPart (9 bytes)
Event: 15.842 Thread 0x000001e928ee0500 nmethod 1896 0x000001e921ff4a10 code [0x000001e921ff4bc0, 0x000001e921ff4cb8]
Event: 15.842 Thread 0x000001e928ee0500 1897       1       java.lang.CharacterDataLatin1::isJavaIdentifierPart (20 bytes)
Event: 15.843 Thread 0x000001e928ee0500 nmethod 1897 0x000001e921ff4d90 code [0x000001e921ff4f20, 0x000001e921ff5038]
Event: 15.843 Thread 0x000001e928ee0500 1898       1       java.lang.Character::isJavaIdentifierPart (5 bytes)
Event: 15.843 Thread 0x000001e928ee0500 nmethod 1898 0x000001e921ff5110 code [0x000001e921ff52c0, 0x000001e921ff53b8]
Event: 15.846 Thread 0x000001e928ee0500 1899       1       java.lang.invoke.MethodHandles$Lookup$ClassDefiner::<init> (58 bytes)
Event: 15.846 Thread 0x000001e928ee0500 nmethod 1899 0x000001e921ff5490 code [0x000001e921ff5620, 0x000001e921ff5818]
Event: 15.846 Thread 0x000001e928ee0500 1900       1       java.lang.invoke.MethodHandles$Lookup$ClassDefiner::defineClass (97 bytes)
Event: 15.847 Thread 0x000001e928ee0500 nmethod 1900 0x000001e921ff5890 code [0x000001e921ff5a80, 0x000001e921ff5ed8]
Event: 15.849 Thread 0x000001e928ee0500 1902       1       ch.qos.logback.classic.spi.LogbackServiceProvider::getLoggerFactory (5 bytes)
Event: 15.850 Thread 0x000001e928ee0500 nmethod 1902 0x000001e921ff6790 code [0x000001e921ff6920, 0x000001e921ff69f8]

GC Heap History (8 events):
Event: 3.464 GC heap before
{Heap before GC invocations=0 (full 0):
 garbage-first heap   total 63488K, used 6144K [0x00000000c2c00000, 0x0000000100000000)
  region size 1024K, 6 young (6144K), 0 survivors (0K)
 Metaspace       used 305K, committed 512K, reserved 1114112K
  class space    used 19K, committed 128K, reserved 1048576K
}
Event: 3.478 GC heap after
{Heap after GC invocations=1 (full 0):
 garbage-first heap   total 63488K, used 5160K [0x00000000c2c00000, 0x0000000100000000)
  region size 1024K, 1 young (1024K), 1 survivors (1024K)
 Metaspace       used 305K, committed 512K, reserved 1114112K
  class space    used 19K, committed 128K, reserved 1048576K
}
Event: 4.720 GC heap before
{Heap before GC invocations=1 (full 0):
 garbage-first heap   total 63488K, used 7208K [0x00000000c2c00000, 0x0000000100000000)
  region size 1024K, 3 young (3072K), 1 survivors (1024K)
 Metaspace       used 2629K, committed 2816K, reserved 1114112K
  class space    used 309K, committed 384K, reserved 1048576K
}
Event: 4.726 GC heap after
{Heap after GC invocations=2 (full 0):
 garbage-first heap   total 63488K, used 5843K [0x00000000c2c00000, 0x0000000100000000)
  region size 1024K, 1 young (1024K), 1 survivors (1024K)
 Metaspace       used 2629K, committed 2816K, reserved 1114112K
  class space    used 309K, committed 384K, reserved 1048576K
}
Event: 12.309 GC heap before
{Heap before GC invocations=2 (full 0):
 garbage-first heap   total 63488K, used 13011K [0x00000000c2c00000, 0x0000000100000000)
  region size 1024K, 8 young (8192K), 1 survivors (1024K)
 Metaspace       used 6088K, committed 6272K, reserved 1114112K
  class space    used 752K, committed 832K, reserved 1048576K
}
Event: 12.316 GC heap after
{Heap after GC invocations=3 (full 0):
 garbage-first heap   total 63488K, used 7060K [0x00000000c2c00000, 0x0000000100000000)
  region size 1024K, 1 young (1024K), 1 survivors (1024K)
 Metaspace       used 6088K, committed 6272K, reserved 1114112K
  class space    used 752K, committed 832K, reserved 1048576K
}
Event: 13.570 GC heap before
{Heap before GC invocations=3 (full 0):
 garbage-first heap   total 63488K, used 19348K [0x00000000c2c00000, 0x0000000100000000)
  region size 1024K, 13 young (13312K), 1 survivors (1024K)
 Metaspace       used 8829K, committed 9088K, reserved 1114112K
  class space    used 1172K, committed 1280K, reserved 1048576K
}
Event: 13.577 GC heap after
{Heap after GC invocations=4 (full 0):
 garbage-first heap   total 63488K, used 7983K [0x00000000c2c00000, 0x0000000100000000)
  region size 1024K, 2 young (2048K), 2 survivors (2048K)
 Metaspace       used 8829K, committed 9088K, reserved 1114112K
  class space    used 1172K, committed 1280K, reserved 1048576K
}

Dll operation events (11 events):
Event: 0.037 Loaded shared library C:\Program Files\Microsoft\jdk-17.0.9.8-hotspot\bin\java.dll
Event: 0.110 Loaded shared library C:\Program Files\Microsoft\jdk-17.0.9.8-hotspot\bin\jsvml.dll
Event: 1.261 Loaded shared library C:\Program Files\Microsoft\jdk-17.0.9.8-hotspot\bin\zip.dll
Event: 1.290 Loaded shared library C:\Program Files\Microsoft\jdk-17.0.9.8-hotspot\bin\instrument.dll
Event: 1.503 Loaded shared library C:\Program Files\Microsoft\jdk-17.0.9.8-hotspot\bin\net.dll
Event: 1.564 Loaded shared library C:\Program Files\Microsoft\jdk-17.0.9.8-hotspot\bin\nio.dll
Event: 1.597 Loaded shared library C:\Program Files\Microsoft\jdk-17.0.9.8-hotspot\bin\zip.dll
Event: 3.490 Loaded shared library C:\Program Files\JetBrains\IntelliJ IDEA 2023.2.4\bin\breakgen64.dll
Event: 3.516 Loaded shared library C:\Program Files\Microsoft\jdk-17.0.9.8-hotspot\bin\jimage.dll
Event: 3.708 Loaded shared library C:\Program Files\Microsoft\jdk-17.0.9.8-hotspot\bin\management.dll
Event: 4.319 Loaded shared library C:\Program Files\Microsoft\jdk-17.0.9.8-hotspot\bin\management_ext.dll

Deoptimization events (2 events):
Event: 15.753 Thread 0x000001e91a0fbae0 DEOPT PACKING pc=0x000001e921fde319 sp=0x00000025494fd130
Event: 15.753 Thread 0x000001e91a0fbae0 DEOPT UNPACKING pc=0x000001e921c67124 sp=0x00000025494fc610 mode 3

Classes unloaded (0 events):
No events

Classes redefined (0 events):
No events

Internal exceptions (20 events):
Event: 13.522 Thread 0x000001e91a0fbae0 Exception <a 'java/lang/NoSuchMethodError'{0x00000000c5d009d8}: 'java.lang.Object java.lang.invoke.DirectMethodHandle$Holder.newInvokeSpecial(java.lang.Object, java.lang.Object, java.lang.Object, java.lang.Object, java.lang.Object, java.lang.Object, int)'> (0x00000000c5d009d8) 
thrown [s\src\hotspot\share\interpreter\linkResolver.cpp, line 759]
Event: 13.523 Thread 0x000001e91a0fbae0 Exception <a 'java/lang/NoSuchMethodError'{0x00000000c5d05a18}: 'java.lang.Object java.lang.invoke.DirectMethodHandle$Holder.invokeSpecial(java.lang.Object, java.lang.Object, java.lang.Object, java.lang.Object, java.lang.Object, java.lang.Object, java.lang.Object, int)'> (0x00000000c5d05a18) 
thrown [s\src\hotspot\share\interpreter\linkResolver.cpp, line 759]
Event: 13.710 Thread 0x000001e91a0fbae0 Exception <a 'java/lang/NoSuchMethodError'{0x00000000c685c8a0}: 'java.lang.Object java.lang.invoke.DirectMethodHandle$Holder.invokeSpecial(java.lang.Object, java.lang.Object, java.lang.Object, int, java.lang.Object)'> (0x00000000c685c8a0) 
thrown [s\src\hotspot\share\interpreter\linkResolver.cpp, line 759]
Event: 13.713 Thread 0x000001e91a0fbae0 Exception <a 'java/lang/NoSuchMethodError'{0x00000000c6864f00}: 'java.lang.Object java.lang.invoke.DirectMethodHandle$Holder.newInvokeSpecial(java.lang.Object, java.lang.Object, java.lang.Object, int, java.lang.Object)'> (0x00000000c6864f00) 
thrown [s\src\hotspot\share\interpreter\linkResolver.cpp, line 759]
Event: 13.714 Thread 0x000001e91a0fbae0 Exception <a 'java/lang/NoSuchMethodError'{0x00000000c686c8d0}: 'java.lang.Object java.lang.invoke.Invokers$Holder.linkToTargetMethod(java.lang.Object, java.lang.Object, int, java.lang.Object, java.lang.Object)'> (0x00000000c686c8d0) 
thrown [s\src\hotspot\share\interpreter\linkResolver.cpp, line 759]
Event: 13.718 Thread 0x000001e91a0fbae0 Exception <a 'java/lang/NoSuchMethodError'{0x00000000c687bbd8}: 'java.lang.Object java.lang.invoke.DirectMethodHandle$Holder.newInvokeSpecial(java.lang.Object, int, java.lang.Object)'> (0x00000000c687bbd8) 
thrown [s\src\hotspot\share\interpreter\linkResolver.cpp, line 759]
Event: 13.719 Thread 0x000001e91a0fbae0 Exception <a 'java/lang/NoSuchMethodError'{0x00000000c6880720}: 'int java.lang.invoke.DirectMethodHandle$Holder.invokeSpecialIFC(java.lang.Object, java.lang.Object, java.lang.Object, java.lang.Object)'> (0x00000000c6880720) 
thrown [s\src\hotspot\share\interpreter\linkResolver.cpp, line 759]
Event: 13.810 Thread 0x000001e91a0fbae0 Exception <a 'java/lang/NoSuchMethodError'{0x00000000c67519f8}: 'void java.lang.invoke.DirectMethodHandle$Holder.invokeInterface(java.lang.Object, java.lang.Object, java.lang.Object)'> (0x00000000c67519f8) 
thrown [s\src\hotspot\share\interpreter\linkResolver.cpp, line 759]
Event: 14.008 Thread 0x000001e91a0fbae0 Exception <a 'java/lang/NoSuchMethodError'{0x00000000c67d7d90}: 'java.lang.Object java.lang.invoke.DirectMethodHandle$Holder.invokeVirtual(java.lang.Object, java.lang.Object, java.lang.Object)'> (0x00000000c67d7d90) 
thrown [s\src\hotspot\share\interpreter\linkResolver.cpp, line 759]
Event: 14.071 Thread 0x000001e91a0fbae0 Exception <a 'java/lang/NoSuchMethodError'{0x00000000c66c98c8}: 'void java.lang.invoke.DirectMethodHandle$Holder.invokeStatic(java.lang.Object, java.lang.Object, int)'> (0x00000000c66c98c8) 
thrown [s\src\hotspot\share\interpreter\linkResolver.cpp, line 759]
Event: 14.078 Thread 0x000001e91a0fbae0 Exception <a 'java/lang/NoSuchMethodError'{0x00000000c66e05e0}: 'void java.lang.invoke.DirectMethodHandle$Holder.invokeStaticInit(java.lang.Object, java.lang.Object, java.lang.Object)'> (0x00000000c66e05e0) 
thrown [s\src\hotspot\share\interpreter\linkResolver.cpp, line 759]
Event: 14.104 Thread 0x000001e91a0fbae0 Exception <a 'java/lang/NoSuchMethodError'{0x00000000c6526a90}: 'java.lang.Object java.lang.invoke.DirectMethodHandle$Holder.invokeStatic(java.lang.Object, java.lang.Object, long, java.lang.Object)'> (0x00000000c6526a90) 
thrown [s\src\hotspot\share\interpreter\linkResolver.cpp, line 759]
Event: 14.104 Thread 0x000001e91a0fbae0 Exception <a 'java/lang/NoSuchMethodError'{0x00000000c652a528}: 'java.lang.Object java.lang.invoke.DirectMethodHandle$Holder.invokeStaticInit(java.lang.Object, java.lang.Object, long, java.lang.Object)'> (0x00000000c652a528) 
thrown [s\src\hotspot\share\interpreter\linkResolver.cpp, line 759]
Event: 14.111 Thread 0x000001e91a0fbae0 Exception <a 'java/lang/NoSuchMethodError'{0x00000000c6530b38}: 'java.lang.Object java.lang.invoke.DirectMethodHandle$Holder.newInvokeSpecial(java.lang.Object, java.lang.Object, long)'> (0x00000000c6530b38) 
thrown [s\src\hotspot\share\interpreter\linkResolver.cpp, line 759]
Event: 14.118 Thread 0x000001e91a0fbae0 Exception <a 'java/lang/NoSuchMethodError'{0x00000000c65346a8}: 'java.lang.Object java.lang.invoke.Invokers$Holder.linkToTargetMethod(java.lang.Object, long, java.lang.Object)'> (0x00000000c65346a8) 
thrown [s\src\hotspot\share\interpreter\linkResolver.cpp, line 759]
Event: 14.174 Thread 0x000001e91a0fbae0 Exception <a 'java/lang/NoSuchMethodError'{0x00000000c6589690}: 'void java.lang.invoke.DirectMethodHandle$Holder.invokeSpecial(java.lang.Object, java.lang.Object, java.lang.Object, java.lang.Object, java.lang.Object)'> (0x00000000c6589690) 
thrown [s\src\hotspot\share\interpreter\linkResolver.cpp, line 759]
Event: 14.175 Thread 0x000001e91a0fbae0 Exception <a 'java/lang/NoSuchMethodError'{0x00000000c6591cb8}: 'void java.lang.invoke.DirectMethodHandle$Holder.invokeVirtual(java.lang.Object, java.lang.Object, java.lang.Object, java.lang.Object)'> (0x00000000c6591cb8) 
thrown [s\src\hotspot\share\interpreter\linkResolver.cpp, line 759]
Event: 14.465 Thread 0x000001e91a0fbae0 Exception <a 'java/lang/NoSuchMethodError'{0x00000000c6303f58}: 'void java.lang.invoke.DirectMethodHandle$Holder.invokeSpecial(java.lang.Object, java.lang.Object, java.lang.Object)'> (0x00000000c6303f58) 
thrown [s\src\hotspot\share\interpreter\linkResolver.cpp, line 759]
Event: 14.494 Thread 0x000001e91a0fbae0 Exception <a 'java/lang/IncompatibleClassChangeError'{0x00000000c6333838}: Found class java.lang.Object, but interface was expected> (0x00000000c6333838) 
thrown [s\src\hotspot\share\interpreter\linkResolver.cpp, line 826]
Event: 14.645 Thread 0x000001e96edd6570 Exception <a 'java/lang/NoClassDefFoundError'{0x00000000c6117bf8}: jakarta/validation/Validation> (0x00000000c6117bf8) 
thrown [s\src\hotspot\share\classfile\systemDictionary.cpp, line 245]

VM Operations (20 events):
Event: 10.503 Executing VM operation: HandshakeAllThreads
Event: 10.503 Executing VM operation: HandshakeAllThreads done
Event: 10.534 Executing VM operation: HandshakeAllThreads
Event: 10.534 Executing VM operation: HandshakeAllThreads done
Event: 11.543 Executing VM operation: Cleanup
Event: 11.543 Executing VM operation: Cleanup done
Event: 12.308 Executing VM operation: G1CollectForAllocation
Event: 12.316 Executing VM operation: G1CollectForAllocation done
Event: 13.134 Executing VM operation: HandshakeAllThreads
Event: 13.134 Executing VM operation: HandshakeAllThreads done
Event: 13.570 Executing VM operation: G1CollectForAllocation
Event: 13.580 Executing VM operation: G1CollectForAllocation done
Event: 13.641 Executing VM operation: HandshakeAllThreads
Event: 13.642 Executing VM operation: HandshakeAllThreads done
Event: 14.376 Executing VM operation: HandshakeAllThreads
Event: 14.376 Executing VM operation: HandshakeAllThreads done
Event: 14.383 Executing VM operation: HandshakeAllThreads
Event: 14.383 Executing VM operation: HandshakeAllThreads done
Event: 15.385 Executing VM operation: Cleanup
Event: 15.465 Executing VM operation: Cleanup done

Events (20 events):
Event: 15.618 loading class java/time/ZonedDateTime$1 done
Event: 15.637 loading class org/xml/sax/ErrorHandler
Event: 15.637 loading class org/xml/sax/ErrorHandler done
Event: 15.637 loading class org/xml/sax/SAXParseException
Event: 15.637 loading class org/xml/sax/SAXParseException done
Event: 15.651 loading class java/lang/invoke/VarHandleLongs$Array done
Event: 15.651 loading class java/util/concurrent/atomic/AtomicReferenceArray
Event: 15.652 loading class java/util/concurrent/atomic/AtomicReferenceArray done
Event: 15.661 loading class java/io/CharConversionException
Event: 15.661 loading class java/io/CharConversionException done
Event: 15.680 loading class jdk/internal/module/ModulePatcher$PatchedModuleReader
Event: 15.680 loading class jdk/internal/module/ModulePatcher$PatchedModuleReader done
Event: 15.703 loading class java/lang/annotation/Repeatable
Event: 15.703 loading class java/lang/annotation/Repeatable done
Event: 15.734 loading class sun/text/resources/cldr/FormatData_en
Event: 15.735 loading class sun/text/resources/cldr/FormatData_en done
Event: 15.735 loading class sun/text/resources/cldr/FormatData_en_US
Event: 15.735 loading class sun/text/resources/cldr/FormatData_en_US done
Event: 15.827 loading class java/io/CharArrayReader
Event: 15.828 loading class java/io/CharArrayReader done


Dynamic libraries:
0x00007ff6f16e0000 - 0x00007ff6f16ee000 	C:\Program Files\Microsoft\jdk-17.0.9.8-hotspot\bin\java.exe
0x00007ffc9aa10000 - 0x00007ffc9ac08000 	C:\Windows\SYSTEM32\ntdll.dll
0x00007ffc99540000 - 0x00007ffc995fd000 	C:\Windows\System32\KERNEL32.DLL
0x00007ffc982b0000 - 0x00007ffc985a6000 	C:\Windows\System32\KERNELBASE.dll
0x00007ffc98960000 - 0x00007ffc98a60000 	C:\Windows\System32\ucrtbase.dll
0x00007ffc93b30000 - 0x00007ffc93b47000 	C:\Program Files\Microsoft\jdk-17.0.9.8-hotspot\bin\jli.dll
0x00007ffc99850000 - 0x00007ffc999ee000 	C:\Windows\System32\USER32.dll
0x00007ffc98880000 - 0x00007ffc988a2000 	C:\Windows\System32\win32u.dll
0x00007ffc99470000 - 0x00007ffc9949c000 	C:\Windows\System32\GDI32.dll
0x00007ffc986c0000 - 0x00007ffc987da000 	C:\Windows\System32\gdi32full.dll
0x00007ffc987e0000 - 0x00007ffc9887d000 	C:\Windows\System32\msvcp_win.dll
0x00007ffc93a90000 - 0x00007ffc93aab000 	C:\Program Files\Microsoft\jdk-17.0.9.8-hotspot\bin\VCRUNTIME140.dll
0x00007ffc86dc0000 - 0x00007ffc8705a000 	C:\Windows\WinSxS\amd64_microsoft.windows.common-controls_6595b64144ccf1df_6.0.19041.3636_none_60b6a03d71f818d5\COMCTL32.dll
0x00007ffc99120000 - 0x00007ffc991be000 	C:\Windows\System32\msvcrt.dll
0x00007ffc993b0000 - 0x00007ffc993e0000 	C:\Windows\System32\IMM32.DLL
0x00007ffc93b80000 - 0x00007ffc93b8c000 	C:\Program Files\Microsoft\jdk-17.0.9.8-hotspot\bin\vcruntime140_1.dll
0x00007ffc870a0000 - 0x00007ffc8712d000 	C:\Program Files\Microsoft\jdk-17.0.9.8-hotspot\bin\msvcp140.dll
0x00007ffc2f360000 - 0x00007ffc2ffc3000 	C:\Program Files\Microsoft\jdk-17.0.9.8-hotspot\bin\server\jvm.dll
0x00007ffc992f0000 - 0x00007ffc993a3000 	C:\Windows\System32\ADVAPI32.dll
0x00007ffc996e0000 - 0x00007ffc9977f000 	C:\Windows\System32\sechost.dll
0x00007ffc99c80000 - 0x00007ffc99da6000 	C:\Windows\System32\RPCRT4.dll
0x00007ffc985b0000 - 0x00007ffc985d7000 	C:\Windows\System32\bcrypt.dll
0x00007ffc97e90000 - 0x00007ffc97edb000 	C:\Windows\SYSTEM32\POWRPROF.dll
0x00007ffc83210000 - 0x00007ffc83219000 	C:\Windows\SYSTEM32\WSOCK32.dll
0x00007ffc994c0000 - 0x00007ffc9952b000 	C:\Windows\System32\WS2_32.dll
0x00007ffc689c0000 - 0x00007ffc689e7000 	C:\Windows\SYSTEM32\WINMM.dll
0x00007ffc8e5b0000 - 0x00007ffc8e5ba000 	C:\Windows\SYSTEM32\VERSION.dll
0x00007ffc97e70000 - 0x00007ffc97e82000 	C:\Windows\SYSTEM32\UMPDC.dll
0x00007ffc95f90000 - 0x00007ffc95fa2000 	C:\Windows\SYSTEM32\kernel.appcore.dll
0x00007ffc91fb0000 - 0x00007ffc91fba000 	C:\Program Files\Microsoft\jdk-17.0.9.8-hotspot\bin\jimage.dll
0x00007ffc88270000 - 0x00007ffc88454000 	C:\Windows\SYSTEM32\DBGHELP.DLL
0x00007ffc88230000 - 0x00007ffc88264000 	C:\Windows\SYSTEM32\dbgcore.DLL
0x00007ffc985e0000 - 0x00007ffc98662000 	C:\Windows\System32\bcryptPrimitives.dll
0x00007ffc91fa0000 - 0x00007ffc91fae000 	C:\Program Files\Microsoft\jdk-17.0.9.8-hotspot\bin\instrument.dll
0x00007ffc8a6f0000 - 0x00007ffc8a715000 	C:\Program Files\Microsoft\jdk-17.0.9.8-hotspot\bin\java.dll
0x00007ffc5a070000 - 0x00007ffc5a147000 	C:\Program Files\Microsoft\jdk-17.0.9.8-hotspot\bin\jsvml.dll
0x00007ffc9a220000 - 0x00007ffc9a965000 	C:\Windows\System32\SHELL32.dll
0x00007ffc96190000 - 0x00007ffc9692b000 	C:\Windows\SYSTEM32\windows.storage.dll
0x00007ffc98a60000 - 0x00007ffc98db4000 	C:\Windows\System32\combase.dll
0x00007ffc97a40000 - 0x00007ffc97a6d000 	C:\Windows\SYSTEM32\Wldp.dll
0x00007ffc98f40000 - 0x00007ffc98fed000 	C:\Windows\System32\SHCORE.dll
0x00007ffc98ee0000 - 0x00007ffc98f35000 	C:\Windows\System32\shlwapi.dll
0x00007ffc98010000 - 0x00007ffc98035000 	C:\Windows\SYSTEM32\profapi.dll
0x00007ffc919c0000 - 0x00007ffc919d8000 	C:\Program Files\Microsoft\jdk-17.0.9.8-hotspot\bin\zip.dll
0x00007ffc91050000 - 0x00007ffc91069000 	C:\Program Files\Microsoft\jdk-17.0.9.8-hotspot\bin\net.dll
0x00007ffc88460000 - 0x00007ffc8856a000 	C:\Windows\SYSTEM32\WINHTTP.dll
0x00007ffc977a0000 - 0x00007ffc9780a000 	C:\Windows\system32\mswsock.dll
0x00007ffc8a6d0000 - 0x00007ffc8a6e6000 	C:\Program Files\Microsoft\jdk-17.0.9.8-hotspot\bin\nio.dll
0x00007ffc89fd0000 - 0x00007ffc89fea000 	C:\Program Files\JetBrains\IntelliJ IDEA 2023.2.4\bin\breakgen64.dll
0x00007ffc974d0000 - 0x00007ffc9759a000 	C:\Windows\SYSTEM32\DNSAPI.dll
0x00007ffc97490000 - 0x00007ffc974cb000 	C:\Windows\SYSTEM32\IPHLPAPI.DLL
0x00007ffc99840000 - 0x00007ffc99848000 	C:\Windows\System32\NSI.dll
0x00007ffc83f70000 - 0x00007ffc83f7a000 	C:\Windows\System32\rasadhlp.dll
0x00007ffc84a10000 - 0x00007ffc84a90000 	C:\Windows\System32\fwpuclnt.dll
0x00007ffc91f90000 - 0x00007ffc91f99000 	C:\Program Files\Microsoft\jdk-17.0.9.8-hotspot\bin\management.dll
0x00007ffc912e0000 - 0x00007ffc912eb000 	C:\Program Files\Microsoft\jdk-17.0.9.8-hotspot\bin\management_ext.dll
0x00007ffc99530000 - 0x00007ffc99538000 	C:\Windows\System32\PSAPI.DLL
0x00007ffc979a0000 - 0x00007ffc979b8000 	C:\Windows\SYSTEM32\CRYPTSP.dll
0x00007ffc970d0000 - 0x00007ffc97104000 	C:\Windows\system32\rsaenh.dll
0x00007ffc97fd0000 - 0x00007ffc97ffe000 	C:\Windows\SYSTEM32\USERENV.dll
0x00007ffc97990000 - 0x00007ffc9799c000 	C:\Windows\SYSTEM32\CRYPTBASE.dll
0x00007ffc8a4f0000 - 0x00007ffc8a507000 	C:\Windows\SYSTEM32\dhcpcsvc6.DLL
0x00007ffc8e4c0000 - 0x00007ffc8e4dd000 	C:\Windows\SYSTEM32\dhcpcsvc.DLL
0x00007ffc6fad0000 - 0x00007ffc6fae7000 	C:\Windows\system32\napinsp.dll
0x00007ffc6fab0000 - 0x00007ffc6facb000 	C:\Windows\system32\pnrpnsp.dll
0x00007ffc6fa40000 - 0x00007ffc6fa55000 	C:\Windows\system32\wshbth.dll
0x00007ffc93a60000 - 0x00007ffc93a7d000 	C:\Windows\system32\NLAapi.dll
0x00007ffc6f290000 - 0x00007ffc6f2a2000 	C:\Windows\System32\winrnr.dll

dbghelp: loaded successfully - version: 4.0.5 - missing functions: none
symbol engine: initialized successfully - sym options: 0x614 - pdb path: .;C:\Program Files\Microsoft\jdk-17.0.9.8-hotspot\bin;C:\Windows\SYSTEM32;C:\Windows\WinSxS\amd64_microsoft.windows.common-controls_6595b64144ccf1df_6.0.19041.3636_none_60b6a03d71f818d5;C:\Program Files\Microsoft\jdk-17.0.9.8-hotspot\bin\server;C:\Program Files\JetBrains\IntelliJ IDEA 2023.2.4\bin

VM Arguments:
jvm_args: -XX:TieredStopAtLevel=1 -Dspring.output.ansi.enabled=always -Dcom.sun.management.jmxremote -Dspring.jmx.enabled=true -Dspring.liveBeansView.mbeanDomain -Dspring.application.admin.enabled=true -Dmanagement.endpoints.jmx.exposure.include=* -javaagent:C:\Program Files\JetBrains\IntelliJ IDEA 2023.2.4\lib\idea_rt.jar=62818:C:\Program Files\JetBrains\IntelliJ IDEA 2023.2.4\bin -Dfile.encoding=UTF-8 
java_command: clima.climaapi.ClimaapiApplication
java_class_path (initial): C:\Users\juan\Documents\spring boot\bootcamp\java\version 3.x\climaapi\target\classes;C:\Users\juan\.m2\repository\org\springframework\boot\spring-boot-starter-data-jpa\3.2.2\spring-boot-starter-data-jpa-3.2.2.jar;C:\Users\juan\.m2\repository\org\springframework\boot\spring-boot-starter-aop\3.2.2\spring-boot-starter-aop-3.2.2.jar;C:\Users\juan\.m2\repository\org\aspectj\aspectjweaver\1.9.21\aspectjweaver-1.9.21.jar;C:\Users\juan\.m2\repository\org\springframework\boot\spring-boot-starter-jdbc\3.2.2\spring-boot-starter-jdbc-3.2.2.jar;C:\Users\juan\.m2\repository\com\zaxxer\HikariCP\5.0.1\HikariCP-5.0.1.jar;C:\Users\juan\.m2\repository\org\springframework\spring-jdbc\6.1.3\spring-jdbc-6.1.3.jar;C:\Users\juan\.m2\repository\org\hibernate\orm\hibernate-core\6.4.1.Final\hibernate-core-6.4.1.Final.jar;C:\Users\juan\.m2\repository\jakarta\persistence\jakarta.persistence-api\3.1.0\jakarta.persistence-api-3.1.0.jar;C:\Users\juan\.m2\repository\jakarta\transaction\jakarta.transaction-api\2.0.1\jakarta.transaction-api-2.0.1.jar;C:\Users\juan\.m2\repository\org\jboss\logging\jboss-logging\3.5.3.Final\jboss-logging-3.5.3.Final.jar;C:\Users\juan\.m2\repository\org\hibernate\common\hibernate-commons-annotations\6.0.6.Final\hibernate-commons-annotations-6.0.6.Final.jar;C:\Users\juan\.m2\repository\io\smallrye\jandex\3.1.2\jandex-3.1.2.jar;C:\Users\juan\.m2\repository\com\fasterxml\classmate\1.6.0\classmate-1.6.0.jar;C:\Users\juan\.m2\repository\net\bytebuddy\byte-buddy\1.14.11\byte-buddy-1.14.11.jar;C:\Users\juan\.m2\repository\org\glassfish\jaxb\jaxb-runtime\4.0.4\jaxb-runtime-4.0.4.jar;C:\Users\juan\.m2\repository\org\glassfish\jaxb\jaxb-core\4.0.4\jaxb-core-4.0.4.jar;C:\Users\juan\.m2\repository\org\eclipse\angus\angus-activation\2.0.1\angus-activation-2.0.1.jar;C:\Users\juan\.m2\repository\org\glassfish\jaxb\txw2\4.0.4\txw2-4.0.4.jar;C:\Users\juan\.m2\repository\com\sun\istack\istack-commons-runtime\4.1.2\istack-commons-runtime-4.1.2.jar;C:\Users\ju
Launcher Type: SUN_STANDARD

[Global flags]
     intx CICompilerCount                          = 2                                         {product} {ergonomic}
     uint ConcGCThreads                            = 1                                         {product} {ergonomic}
     uint G1ConcRefinementThreads                  = 2                                         {product} {ergonomic}
   size_t G1HeapRegionSize                         = 1048576                                   {product} {ergonomic}
    uintx GCDrainStackTargetSize                   = 64                                        {product} {ergonomic}
   size_t InitialHeapSize                          = 65011712                                  {product} {ergonomic}
     bool ManagementServer                         = true                                      {product} {command line}
   size_t MarkStackSize                            = 4194304                                   {product} {ergonomic}
   size_t MaxHeapSize                              = 1027604480                                {product} {ergonomic}
   size_t MaxNewSize                               = 616562688                                 {product} {ergonomic}
   size_t MinHeapDeltaBytes                        = 1048576                                   {product} {ergonomic}
   size_t MinHeapSize                              = 8388608                                   {product} {ergonomic}
    uintx NonProfiledCodeHeapSize                  = 0                                      {pd product} {ergonomic}
     bool ProfileInterpreter                       = false                                  {pd product} {command line}
    uintx ProfiledCodeHeapSize                     = 0                                      {pd product} {ergonomic}
   size_t SoftMaxHeapSize                          = 1027604480                             {manageable} {ergonomic}
     intx TieredStopAtLevel                        = 1                                         {product} {command line}
     bool UseCompressedClassPointers               = true                           {product lp64_product} {ergonomic}
     bool UseCompressedOops                        = true                           {product lp64_product} {ergonomic}
     bool UseG1GC                                  = true                                      {product} {ergonomic}
     bool UseLargePagesIndividualAllocation        = false                                  {pd product} {ergonomic}

Logging:
Log output configuration:
 #0: stdout all=warning uptime,level,tags
 #1: stderr all=off uptime,level,tags

Environment Variables:
JAVA_HOME=C:\Program Files\Microsoft\jdk-17.0.9.8-hotspot
PATH=C:\Program Files\Microsoft\jdk-17.0.9.8-hotspot\bin;C:\Program Files\Java\jdk1.8.0_251\bin;C:\Program Files\Microsoft\jdk-17.0.9.8-hotspot;C:\app\juan\product\21c\dbhomeXE\bin;C:\Program Files\Eclipse Adoptium\jdk-17.0.9.9-hotspot\bin;C:\Windows\system32;C:\Windows;C:\Windows\System32\Wbem;C:\Windows\System32\WindowsPowerShell\v1.0\;C:\Windows\System32\OpenSSH\;C:\Program Files\nodejs\;C:\Program Files\Git\cmd;C:\composer;C:\xampp7\php;C:\Program Files\Microsoft\jdk-17.0.9.8-hotspot;C:\Program Files\Java\jdk1.8.0_251\bin;C:\Users\juan\AppData\Local\Programs\Python\Python312\Scripts\;C:\Users\juan\AppData\Local\Programs\Python\Python312\;C:\Users\juan\AppData\Local\Microsoft\WindowsApps;C:\Users\juan\AppData\Roaming\npm;C:\Users\juan\AppData\Local\Programs\Microsoft VS Code\bin;C:\Program Files\JetBrains\IntelliJ IDEA 2023.2.4\bin;;C:\Users\juan\AppData\Roaming\Composer\vendor\bin;
USERNAME=juan
OS=Windows_NT
PROCESSOR_IDENTIFIER=Intel64 Family 6 Model 122 Stepping 1, GenuineIntel
TMP=C:\Users\juan\AppData\Local\Temp
TEMP=C:\Users\juan\AppData\Local\Temp



Periodic native trim disabled


---------------  S Y S T E M  ---------------

OS:
 Windows 10 , 64 bit Build 19041 (10.0.19041.3636)
OS uptime: 3 days 17:42 hours

CPU: total 2 (initial active 2) (2 cores per cpu, 1 threads per core) family 6 model 122 stepping 1 microcode 0x2e, cx8, cmov, fxsr, mmx, 3dnowpref, sse, sse2, sse3, ssse3, sse4.1, sse4.2, popcnt, tsc, tscinvbit, aes, erms, clmul, sha, clflush, clflushopt
Processor Information for all 2 processors :
  Max Mhz: 1101, Current Mhz: 1101, Mhz Limit: 1101

Memory: 4k page, system-wide physical 3918M (122M free)
TotalPageFile size 15694M (AvailPageFile size 0M)
current process WorkingSet (physical memory assigned to process): 86M, peak: 86M
current process commit charge ("private bytes"): 147M, peak: 147M

vm_info: OpenJDK 64-Bit Server VM (17.0.9+8-LTS) for windows-amd64 JRE (17.0.9+8-LTS), built on Oct 17 2023 23:00:06 by "MicrosoftCorporation" with MS VC++ 16.10 / 16.11 (VS2019)

END.
